TN:
SF:index.js
FN:18,(anonymous_0)
FN:34,startServer
FN:47,(anonymous_2)
FN:48,(anonymous_3)
FNF:4
FNH:4
FNDA:2,(anonymous_0)
FNDA:3,startServer
FNDA:3,(anonymous_2)
FNDA:3,(anonymous_3)
DA:3,6
DA:4,6
DA:5,6
DA:6,6
DA:7,6
DA:9,6
DA:12,6
DA:13,6
DA:14,6
DA:17,6
DA:18,6
DA:19,2
DA:21,6
DA:24,6
DA:25,6
DA:26,6
DA:36,3
DA:39,3
DA:40,1
DA:42,3
DA:43,3
DA:44,2
DA:47,3
DA:48,3
DA:49,3
DA:50,3
DA:51,3
DA:52,3
DA:64,6
LF:29
LH:29
BRDA:39,0,0,1
BRDA:39,0,1,2
BRF:2
BRH:2
end_of_record
TN:
SF:src/crawler.js
FN:17,runJob
FN:34,(anonymous_1)
FN:53,spawnCrawl
FN:54,(anonymous_3)
FN:69,(anonymous_4)
FN:77,(anonymous_5)
FN:86,(anonymous_6)
FN:87,(anonymous_7)
FN:89,(anonymous_8)
FN:93,(anonymous_9)
FN:107,zipOutput
FN:108,(anonymous_11)
FN:116,(anonymous_12)
FN:128,detectLauncher
FNF:14
FNH:13
FNDA:17,runJob
FNDA:0,(anonymous_1)
FNDA:15,spawnCrawl
FNDA:15,(anonymous_3)
FNDA:3,(anonymous_4)
FNDA:124,(anonymous_5)
FNDA:2,(anonymous_6)
FNDA:1,(anonymous_7)
FNDA:9,(anonymous_8)
FNDA:13,(anonymous_9)
FNDA:7,zipOutput
FNDA:7,(anonymous_11)
FNDA:6,(anonymous_12)
FNDA:6,detectLauncher
DA:3,20
DA:4,20
DA:5,20
DA:6,20
DA:7,20
DA:10,20
DA:18,17
DA:22,17
DA:24,16
DA:26,16
DA:27,16
DA:29,15
DA:32,15
DA:33,15
DA:34,15
DA:36,15
DA:37,15
DA:38,4
DA:39,4
DA:42,11
DA:43,11
DA:46,15
DA:54,15
DA:55,15
DA:57,15
DA:65,15
DA:66,2
DA:69,15
DA:70,3
DA:71,3
DA:72,3
DA:73,3
DA:77,124
DA:80,15
DA:81,15
DA:83,1
DA:86,14
DA:87,14
DA:89,14
DA:90,9
DA:93,14
DA:94,13
DA:95,13
DA:96,4
DA:98,9
DA:108,7
DA:109,7
DA:110,1
DA:112,6
DA:113,6
DA:114,6
DA:116,6
DA:117,6
DA:121,6
DA:122,6
DA:123,6
DA:129,6
DA:130,6
DA:131,1
DA:133,5
DA:137,20
LF:61
LH:61
BRDA:10,0,0,20
BRDA:10,0,1,19
BRDA:22,1,0,1
BRDA:22,1,1,16
BRDA:42,2,0,11
BRDA:42,2,1,0
BRDA:42,3,0,11
BRDA:42,3,1,11
BRDA:55,4,0,15
BRDA:55,4,1,0
BRDA:65,5,0,2
BRDA:65,5,1,13
BRDA:70,6,0,0
BRDA:70,6,1,3
BRDA:73,7,0,3
BRDA:73,7,1,0
BRDA:94,8,0,5
BRDA:94,8,1,8
BRDA:95,9,0,4
BRDA:95,9,1,9
BRDA:109,10,0,1
BRDA:109,10,1,6
BRF:22
BRH:18
end_of_record
TN:
SF:src/db.js
FNF:0
FNH:0
DA:3,21
DA:4,21
DA:5,21
DA:7,21
DA:11,21
DA:13,21
DA:15,21
DA:17,21
DA:18,21
DA:20,21
DA:44,21
LF:11
LH:11
BRDA:7,0,0,21
BRDA:7,0,1,0
BRF:2
BRH:1
end_of_record
TN:
SF:src/queue.js
FN:10,(anonymous_0)
FN:21,(anonymous_1)
FN:26,(anonymous_2)
FN:31,(anonymous_3)
FN:32,(anonymous_4)
FN:33,(anonymous_5)
FN:35,(anonymous_6)
FNF:7
FNH:7
FNDA:19,(anonymous_0)
FNDA:25,(anonymous_1)
FNDA:49,(anonymous_2)
FNDA:24,(anonymous_3)
FNDA:6,(anonymous_4)
FNDA:24,(anonymous_5)
FNDA:23,(anonymous_6)
DA:3,7
DA:11,19
DA:12,19
DA:13,3
DA:15,16
DA:16,16
DA:17,16
DA:22,25
DA:23,25
DA:27,49
DA:28,24
DA:29,24
DA:30,24
DA:31,24
DA:32,6
DA:34,24
DA:35,24
DA:40,7
LF:18
LH:18
BRDA:12,0,0,3
BRDA:12,0,1,16
BRDA:27,1,0,25
BRDA:27,1,1,24
BRDA:27,2,0,49
BRDA:27,2,1,41
BRF:6
BRH:6
end_of_record
TN:
SF:src/routes/health.js
FN:8,(anonymous_0)
FNF:1
FNH:1
FNDA:4,(anonymous_0)
DA:3,6
DA:4,6
DA:6,6
DA:8,6
DA:9,4
DA:10,4
DA:19,6
LF:7
LH:7
BRF:0
BRH:0
end_of_record
TN:
SF:src/routes/jobs.js
FN:17,(anonymous_0)
FN:28,(anonymous_1)
FN:54,(anonymous_2)
FN:105,(anonymous_3)
FNF:4
FNH:4
FNDA:3,(anonymous_0)
FNDA:5,(anonymous_1)
FNDA:13,(anonymous_2)
FNDA:3,(anonymous_3)
DA:3,6
DA:4,6
DA:5,6
DA:6,6
DA:7,6
DA:9,6
DA:13,6
DA:14,6
DA:17,6
DA:18,3
DA:24,3
DA:28,6
DA:29,5
DA:36,5
DA:39,4
DA:40,4
DA:41,4
DA:42,4
DA:43,4
DA:44,4
DA:46,0
DA:50,4
DA:54,6
DA:55,13
DA:58,13
DA:59,2
DA:62,11
DA:63,11
DA:65,1
DA:67,10
DA:68,1
DA:72,9
DA:73,2
DA:74,2
DA:77,8
DA:82,8
DA:91,8
DA:92,8
DA:95,8
DA:98,8
DA:100,8
DA:101,8
DA:105,6
DA:106,3
DA:107,3
DA:108,2
DA:109,1
DA:113,1
DA:114,1
DA:115,1
DA:116,0
DA:119,1
DA:122,6
LF:53
LH:51
BRDA:36,0,0,1
BRDA:36,0,1,4
BRDA:39,1,0,4
BRDA:39,1,1,0
BRDA:58,2,0,2
BRDA:58,2,1,11
BRDA:58,3,0,13
BRDA:58,3,1,11
BRDA:67,4,0,1
BRDA:67,4,1,9
BRDA:72,5,0,2
BRDA:72,5,1,7
BRDA:72,6,0,9
BRDA:72,6,1,2
BRDA:72,6,2,2
BRDA:74,7,0,1
BRDA:74,7,1,1
BRDA:77,8,0,1
BRDA:77,8,1,7
BRDA:77,9,0,8
BRDA:77,9,1,1
BRDA:87,10,0,8
BRDA:87,10,1,7
BRDA:107,11,0,1
BRDA:107,11,1,2
BRDA:108,12,0,1
BRDA:108,12,1,1
BRDA:108,13,0,2
BRDA:108,13,1,1
BRDA:115,14,0,0
BRDA:115,14,1,1
BRF:31
BRH:29
end_of_record
TN:
SF:src/routes/profiles.js
FN:19,(anonymous_0)
FN:20,(anonymous_1)
FN:28,fileFilter
FN:43,(anonymous_3)
FN:49,(anonymous_4)
FN:50,(anonymous_5)
FN:87,(anonymous_6)
FNF:7
FNH:7
FNDA:8,(anonymous_0)
FNDA:8,(anonymous_1)
FNDA:10,fileFilter
FNDA:4,(anonymous_3)
FNDA:11,(anonymous_4)
FNDA:11,(anonymous_5)
FNDA:3,(anonymous_6)
DA:3,6
DA:4,6
DA:5,6
DA:6,6
DA:7,6
DA:8,6
DA:10,6
DA:12,6
DA:13,6
DA:15,6
DA:16,6
DA:18,6
DA:19,8
DA:22,8
DA:23,8
DA:24,8
DA:29,10
DA:30,10
DA:31,2
DA:33,8
DA:36,6
DA:43,6
DA:44,4
DA:45,4
DA:49,6
DA:50,11
DA:51,11
DA:52,3
DA:53,1
DA:55,2
DA:58,8
DA:59,1
DA:62,7
DA:77,7
DA:81,7
DA:82,7
DA:87,6
DA:88,3
DA:89,3
DA:92,2
DA:94,2
DA:95,2
DA:98,6
LF:43
LH:43
BRDA:30,0,0,2
BRDA:30,0,1,8
BRDA:51,1,0,3
BRDA:51,1,1,8
BRDA:52,2,0,1
BRDA:52,2,1,2
BRDA:58,3,0,1
BRDA:58,3,1,7
BRDA:62,4,0,1
BRDA:62,4,1,6
BRDA:62,5,0,7
BRDA:62,5,1,7
BRDA:62,5,2,1
BRDA:89,6,0,1
BRDA:89,6,1,2
BRF:15
BRH:15
end_of_record
